TN:
SF:script.js
FN:1,(anonymous_0)
FN:5,(anonymous_1)
FN:7,(anonymous_2)
FN:17,(anonymous_3)
FN:49,(anonymous_4)
FN:50,(anonymous_5)
FN:61,(anonymous_6)
FN:63,(anonymous_7)
FN:79,(anonymous_8)
FN:86,(anonymous_9)
FN:96,(anonymous_10)
FN:102,(anonymous_11)
FN:119,(anonymous_12)
FN:122,(anonymous_13)
FN:123,(anonymous_14)
FN:127,(anonymous_15)
FN:131,(anonymous_16)
FN:148,(anonymous_17)
FN:176,(anonymous_18)
FN:187,(anonymous_19)
FN:209,(anonymous_20)
FN:218,(anonymous_21)
FN:223,(anonymous_22)
FN:224,(anonymous_23)
FN:233,(anonymous_24)
FN:241,(anonymous_25)
FN:248,(anonymous_26)
FN:249,(anonymous_27)
FN:258,(anonymous_28)
FN:268,(anonymous_29)
FN:293,(anonymous_30)
FN:301,(anonymous_31)
FN:315,(anonymous_32)
FN:323,(anonymous_33)
FN:330,(anonymous_34)
FN:331,(anonymous_35)
FN:340,(anonymous_36)
FN:348,(anonymous_37)
FN:358,removeSection
FN:377,(anonymous_39)
FN:385,(anonymous_40)
FN:392,(anonymous_41)
FN:400,(anonymous_42)
FN:406,(anonymous_43)
FN:414,(anonymous_44)
FN:420,handleSectionDragStart
FN:473,(anonymous_46)
FN:483,handleSectionDragEnd
FN:520,(anonymous_48)
FN:527,(anonymous_49)
FN:528,(anonymous_50)
FN:537,(anonymous_51)
FN:543,handleSectionDragOver
FN:580,(anonymous_53)
FN:602,handleSectionDrop
FN:627,handleColumnDragOver
FN:662,(anonymous_56)
FN:663,(anonymous_57)
FN:669,(anonymous_58)
FN:694,(anonymous_59)
FN:725,handleColumnDrop
FN:761,(anonymous_61)
FN:771,(anonymous_62)
FN:772,(anonymous_63)
FN:781,(anonymous_64)
FN:788,handleItemDragStart
FN:802,(anonymous_66)
FN:819,handleItemDragEnd
FN:824,(anonymous_68)
FN:849,(anonymous_69)
FN:860,handleItemDragOver
FN:902,(anonymous_71)
FN:910,(anonymous_72)
FN:943,(anonymous_73)
FN:949,handleItemDrop
FN:974,(anonymous_75)
FN:982,(anonymous_76)
FN:1008,(anonymous_77)
FN:1016,loadState
FN:1023,(anonymous_79)
FN:1033,makeEditable
FN:1040,handleBlur
FN:1051,handleKeyDown
FN:1066,(anonymous_83)
FN:1067,(anonymous_84)
FN:1074,(anonymous_85)
FN:1075,(anonymous_86)
FN:1082,(anonymous_87)
FN:1085,(anonymous_88)
FN:1095,(anonymous_89)
FN:1096,(anonymous_90)
FN:1104,(anonymous_91)
FN:1132,(anonymous_92)
FN:1141,(anonymous_93)
FN:1153,(anonymous_94)
FN:1154,(anonymous_95)
FN:1161,(anonymous_96)
FN:1162,(anonymous_97)
FN:1168,handlePrintPageBreaks
FN:1185,(anonymous_99)
FN:1190,(anonymous_100)
FN:1199,(anonymous_101)
FN:1222,(anonymous_102)
FN:1233,(anonymous_103)
FN:1244,(anonymous_104)
FN:1249,(anonymous_105)
FN:1251,(anonymous_106)
FNF:107
FNH:0
FNDA:0,(anonymous_0)
FNDA:0,(anonymous_1)
FNDA:0,(anonymous_2)
FNDA:0,(anonymous_3)
FNDA:0,(anonymous_4)
FNDA:0,(anonymous_5)
FNDA:0,(anonymous_6)
FNDA:0,(anonymous_7)
FNDA:0,(anonymous_8)
FNDA:0,(anonymous_9)
FNDA:0,(anonymous_10)
FNDA:0,(anonymous_11)
FNDA:0,(anonymous_12)
FNDA:0,(anonymous_13)
FNDA:0,(anonymous_14)
FNDA:0,(anonymous_15)
FNDA:0,(anonymous_16)
FNDA:0,(anonymous_17)
FNDA:0,(anonymous_18)
FNDA:0,(anonymous_19)
FNDA:0,(anonymous_20)
FNDA:0,(anonymous_21)
FNDA:0,(anonymous_22)
FNDA:0,(anonymous_23)
FNDA:0,(anonymous_24)
FNDA:0,(anonymous_25)
FNDA:0,(anonymous_26)
FNDA:0,(anonymous_27)
FNDA:0,(anonymous_28)
FNDA:0,(anonymous_29)
FNDA:0,(anonymous_30)
FNDA:0,(anonymous_31)
FNDA:0,(anonymous_32)
FNDA:0,(anonymous_33)
FNDA:0,(anonymous_34)
FNDA:0,(anonymous_35)
FNDA:0,(anonymous_36)
FNDA:0,(anonymous_37)
FNDA:0,removeSection
FNDA:0,(anonymous_39)
FNDA:0,(anonymous_40)
FNDA:0,(anonymous_41)
FNDA:0,(anonymous_42)
FNDA:0,(anonymous_43)
FNDA:0,(anonymous_44)
FNDA:0,handleSectionDragStart
FNDA:0,(anonymous_46)
FNDA:0,handleSectionDragEnd
FNDA:0,(anonymous_48)
FNDA:0,(anonymous_49)
FNDA:0,(anonymous_50)
FNDA:0,(anonymous_51)
FNDA:0,handleSectionDragOver
FNDA:0,(anonymous_53)
FNDA:0,handleSectionDrop
FNDA:0,handleColumnDragOver
FNDA:0,(anonymous_56)
FNDA:0,(anonymous_57)
FNDA:0,(anonymous_58)
FNDA:0,(anonymous_59)
FNDA:0,handleColumnDrop
FNDA:0,(anonymous_61)
FNDA:0,(anonymous_62)
FNDA:0,(anonymous_63)
FNDA:0,(anonymous_64)
FNDA:0,handleItemDragStart
FNDA:0,(anonymous_66)
FNDA:0,handleItemDragEnd
FNDA:0,(anonymous_68)
FNDA:0,(anonymous_69)
FNDA:0,handleItemDragOver
FNDA:0,(anonymous_71)
FNDA:0,(anonymous_72)
FNDA:0,(anonymous_73)
FNDA:0,handleItemDrop
FNDA:0,(anonymous_75)
FNDA:0,(anonymous_76)
FNDA:0,(anonymous_77)
FNDA:0,loadState
FNDA:0,(anonymous_79)
FNDA:0,makeEditable
FNDA:0,handleBlur
FNDA:0,handleKeyDown
FNDA:0,(anonymous_83)
FNDA:0,(anonymous_84)
FNDA:0,(anonymous_85)
FNDA:0,(anonymous_86)
FNDA:0,(anonymous_87)
FNDA:0,(anonymous_88)
FNDA:0,(anonymous_89)
FNDA:0,(anonymous_90)
FNDA:0,(anonymous_91)
FNDA:0,(anonymous_92)
FNDA:0,(anonymous_93)
FNDA:0,(anonymous_94)
FNDA:0,(anonymous_95)
FNDA:0,(anonymous_96)
FNDA:0,(anonymous_97)
FNDA:0,handlePrintPageBreaks
FNDA:0,(anonymous_99)
FNDA:0,(anonymous_100)
FNDA:0,(anonymous_101)
FNDA:0,(anonymous_102)
FNDA:0,(anonymous_103)
FNDA:0,(anonymous_104)
FNDA:0,(anonymous_105)
FNDA:0,(anonymous_106)
DA:1,0
DA:3,0
DA:6,0
DA:7,0
DA:9,0
DA:10,0
DA:11,0
DA:14,0
DA:15,0
DA:17,0
DA:18,0
DA:25,0
DA:26,0
DA:27,0
DA:28,0
DA:29,0
DA:30,0
DA:31,0
DA:32,0
DA:35,0
DA:36,0
DA:38,0
DA:49,0
DA:50,0
DA:53,0
DA:63,0
DA:65,0
DA:66,0
DA:67,0
DA:68,0
DA:72,0
DA:73,0
DA:74,0
DA:75,0
DA:76,0
DA:77,0
DA:78,0
DA:79,0
DA:80,0
DA:86,0
DA:87,0
DA:90,0
DA:91,0
DA:92,0
DA:97,0
DA:98,0
DA:103,0
DA:105,0
DA:108,0
DA:109,0
DA:110,0
DA:111,0
DA:113,0
DA:114,0
DA:115,0
DA:119,0
DA:121,0
DA:122,0
DA:123,0
DA:127,0
DA:128,0
DA:129,0
DA:131,0
DA:132,0
DA:134,0
DA:135,0
DA:138,0
DA:140,0
DA:144,0
DA:149,0
DA:150,0
DA:151,0
DA:153,0
DA:155,0
DA:156,0
DA:162,0
DA:174,0
DA:175,0
DA:176,0
DA:177,0
DA:178,0
DA:183,0
DA:188,0
DA:189,0
DA:190,0
DA:191,0
DA:193,0
DA:194,0
DA:195,0
DA:196,0
DA:199,0
DA:200,0
DA:202,0
DA:203,0
DA:205,0
DA:211,0
DA:212,0
DA:213,0
DA:214,0
DA:215,0
DA:216,0
DA:218,0
DA:219,0
DA:220,0
DA:223,0
DA:224,0
DA:225,0
DA:226,0
DA:232,0
DA:233,0
DA:234,0
DA:235,0
DA:236,0
DA:237,0
DA:239,0
DA:240,0
DA:241,0
DA:242,0
DA:243,0
DA:244,0
DA:248,0
DA:249,0
DA:250,0
DA:251,0
DA:256,0
DA:257,0
DA:258,0
DA:259,0
DA:260,0
DA:266,0
DA:267,0
DA:268,0
DA:269,0
DA:270,0
DA:272,0
DA:278,0
DA:279,0
DA:280,0
DA:283,0
DA:284,0
DA:286,0
DA:291,0
DA:292,0
DA:293,0
DA:294,0
DA:299,0
DA:300,0
DA:301,0
DA:302,0
DA:307,0
DA:308,0
DA:309,0
DA:310,0
DA:316,0
DA:317,0
DA:318,0
DA:319,0
DA:321,0
DA:322,0
DA:323,0
DA:324,0
DA:325,0
DA:326,0
DA:330,0
DA:331,0
DA:332,0
DA:333,0
DA:338,0
DA:339,0
DA:340,0
DA:341,0
DA:342,0
DA:349,0
DA:350,0
DA:355,0
DA:359,0
DA:361,0
DA:364,0
DA:369,0
DA:370,0
DA:373,0
DA:374,0
DA:377,0
DA:378,0
DA:379,0
DA:380,0
DA:381,0
DA:382,0
DA:383,0
DA:384,0
DA:385,0
DA:386,0
DA:392,0
DA:393,0
DA:394,0
DA:395,0
DA:396,0
DA:400,0
DA:401,0
DA:402,0
DA:406,0
DA:407,0
DA:408,0
DA:409,0
DA:410,0
DA:414,0
DA:415,0
DA:416,0
DA:422,0
DA:423,0
DA:427,0
DA:428,0
DA:431,0
DA:434,0
DA:437,0
DA:438,0
DA:441,0
DA:444,0
DA:445,0
DA:446,0
DA:449,0
DA:450,0
DA:451,0
DA:454,0
DA:455,0
DA:458,0
DA:459,0
DA:461,0
DA:465,0
DA:466,0
DA:467,0
DA:470,0
DA:473,0
DA:474,0
DA:477,0
DA:478,0
DA:485,0
DA:486,0
DA:489,0
DA:490,0
DA:494,0
DA:495,0
DA:496,0
DA:498,0
DA:499,0
DA:502,0
DA:505,0
DA:506,0
DA:509,0
DA:510,0
DA:514,0
DA:517,0
DA:520,0
DA:521,0
DA:527,0
DA:528,0
DA:531,0
DA:532,0
DA:533,0
DA:534,0
DA:537,0
DA:539,0
DA:545,0
DA:546,0
DA:549,0
DA:550,0
DA:552,0
DA:553,0
DA:556,0
DA:557,0
DA:560,0
DA:563,0
DA:566,0
DA:567,0
DA:568,0
DA:569,0
DA:572,0
DA:573,0
DA:575,0
DA:580,0
DA:582,0
DA:583,0
DA:586,0
DA:587,0
DA:588,0
DA:591,0
DA:592,0
DA:597,0
DA:598,0
DA:603,0
DA:605,0
DA:606,0
DA:607,0
DA:609,0
DA:610,0
DA:613,0
DA:614,0
DA:617,0
DA:618,0
DA:620,0
DA:621,0
DA:623,0
DA:629,0
DA:630,0
DA:633,0
DA:634,0
DA:638,0
DA:641,0
DA:642,0
DA:645,0
DA:648,0
DA:649,0
DA:650,0
DA:651,0
DA:654,0
DA:655,0
DA:657,0
DA:662,0
DA:663,0
DA:666,0
DA:669,0
DA:670,0
DA:674,0
DA:675,0
DA:678,0
DA:679,0
DA:680,0
DA:684,0
DA:685,0
DA:687,0
DA:691,0
DA:692,0
DA:694,0
DA:695,0
DA:696,0
DA:698,0
DA:699,0
DA:700,0
DA:704,0
DA:705,0
DA:706,0
DA:708,0
DA:709,0
DA:710,0
DA:713,0
DA:714,0
DA:720,0
DA:721,0
DA:726,0
DA:728,0
DA:730,0
DA:731,0
DA:733,0
DA:736,0
DA:739,0
DA:741,0
DA:742,0
DA:743,0
DA:746,0
DA:747,0
DA:750,0
DA:751,0
DA:755,0
DA:758,0
DA:761,0
DA:762,0
DA:766,0
DA:767,0
DA:771,0
DA:772,0
DA:775,0
DA:776,0
DA:777,0
DA:778,0
DA:781,0
DA:783,0
DA:789,0
DA:790,0
DA:791,0
DA:794,0
DA:795,0
DA:796,0
DA:797,0
DA:798,0
DA:802,0
DA:804,0
DA:805,0
DA:808,0
DA:809,0
DA:811,0
DA:815,0
DA:820,0
DA:821,0
DA:824,0
DA:827,0
DA:829,0
DA:831,0
DA:834,0
DA:835,0
DA:836,0
DA:839,0
DA:840,0
DA:843,0
DA:846,0
DA:849,0
DA:850,0
DA:854,0
DA:857,0
DA:861,0
DA:862,0
DA:865,0
DA:866,0
DA:869,0
DA:870,0
DA:873,0
DA:874,0
DA:877,0
DA:881,0
DA:882,0
DA:883,0
DA:886,0
DA:889,0
DA:890,0
DA:891,0
DA:894,0
DA:895,0
DA:900,0
DA:902,0
DA:903,0
DA:905,0
DA:907,0
DA:908,0
DA:910,0
DA:911,0
DA:912,0
DA:914,0
DA:915,0
DA:916,0
DA:920,0
DA:921,0
DA:922,0
DA:924,0
DA:925,0
DA:926,0
DA:929,0
DA:930,0
DA:936,0
DA:937,0
DA:943,0
DA:944,0
DA:945,0
DA:950,0
DA:952,0
DA:953,0
DA:954,0
DA:957,0
DA:958,0
DA:961,0
DA:962,0
DA:963,0
DA:965,0
DA:966,0
DA:968,0
DA:972,0
DA:974,0
DA:975,0
DA:977,0
DA:979,0
DA:980,0
DA:982,0
DA:983,0
DA:984,0
DA:986,0
DA:987,0
DA:988,0
DA:992,0
DA:993,0
DA:994,0
DA:996,0
DA:997,0
DA:999,0
DA:1003,0
DA:1008,0
DA:1009,0
DA:1012,0
DA:1017,0
DA:1018,0
DA:1019,0
DA:1023,0
DA:1024,0
DA:1028,0
DA:1034,0
DA:1035,0
DA:1038,0
DA:1041,0
DA:1042,0
DA:1043,0
DA:1046,0
DA:1047,0
DA:1048,0
DA:1052,0
DA:1053,0
DA:1054,0
DA:1055,0
DA:1056,0
DA:1057,0
DA:1061,0
DA:1062,0
DA:1066,0
DA:1067,0
DA:1069,0
DA:1070,0
DA:1074,0
DA:1075,0
DA:1076,0
DA:1082,0
DA:1083,0
DA:1084,0
DA:1085,0
DA:1087,0
DA:1089,0
DA:1090,0
DA:1095,0
DA:1096,0
DA:1097,0
DA:1104,0
DA:1105,0
DA:1107,0
DA:1108,0
DA:1109,0
DA:1112,0
DA:1120,0
DA:1121,0
DA:1124,0
DA:1127,0
DA:1128,0
DA:1132,0
DA:1133,0
DA:1135,0
DA:1140,0
DA:1141,0
DA:1142,0
DA:1143,0
DA:1144,0
DA:1145,0
DA:1146,0
DA:1149,0
DA:1153,0
DA:1154,0
DA:1155,0
DA:1156,0
DA:1161,0
DA:1162,0
DA:1163,0
DA:1169,0
DA:1172,0
DA:1175,0
DA:1176,0
DA:1180,0
DA:1181,0
DA:1182,0
DA:1185,0
DA:1186,0
DA:1190,0
DA:1192,0
DA:1197,0
DA:1199,0
DA:1200,0
DA:1202,0
DA:1204,0
DA:1205,0
DA:1208,0
DA:1210,0
DA:1211,0
DA:1212,0
DA:1213,0
DA:1218,0
DA:1222,0
DA:1223,0
DA:1226,0
DA:1231,0
DA:1232,0
DA:1233,0
DA:1234,0
DA:1238,0
DA:1244,0
DA:1246,0
DA:1249,0
DA:1251,0
DA:1252,0
DA:1257,0
DA:1258,0
DA:1267,0
DA:1270,0
LF:594
LH:0
BRDA:9,0,0,0
BRDA:9,0,1,0
BRDA:29,1,0,0
BRDA:29,1,1,0
BRDA:31,2,0,0
BRDA:31,2,1,0
BRDA:32,3,0,0
BRDA:32,3,1,0
BRDA:56,4,0,0
BRDA:56,4,1,0
BRDA:65,5,0,0
BRDA:65,5,1,0
BRDA:72,6,0,0
BRDA:72,6,1,0
BRDA:74,7,0,0
BRDA:74,7,1,0
BRDA:74,8,0,0
BRDA:74,8,1,0
BRDA:98,9,0,0
BRDA:98,9,1,0
BRDA:103,10,0,0
BRDA:103,10,1,0
BRDA:108,11,0,0
BRDA:108,11,1,0
BRDA:129,12,0,0
BRDA:129,12,1,0
BRDA:132,13,0,0
BRDA:132,13,1,0
BRDA:153,14,0,0
BRDA:153,14,1,0
BRDA:155,15,0,0
BRDA:155,15,1,0
BRDA:158,16,0,0
BRDA:158,16,1,0
BRDA:175,17,0,0
BRDA:175,17,1,0
BRDA:175,18,0,0
BRDA:175,18,1,0
BRDA:195,19,0,0
BRDA:195,19,1,0
BRDA:212,20,0,0
BRDA:212,20,1,0
BRDA:240,21,0,0
BRDA:240,21,1,0
BRDA:242,22,0,0
BRDA:242,22,1,0
BRDA:257,23,0,0
BRDA:257,23,1,0
BRDA:267,24,0,0
BRDA:267,24,1,0
BRDA:292,25,0,0
BRDA:292,25,1,0
BRDA:300,26,0,0
BRDA:300,26,1,0
BRDA:308,27,0,0
BRDA:308,27,1,0
BRDA:322,28,0,0
BRDA:322,28,1,0
BRDA:324,29,0,0
BRDA:324,29,1,0
BRDA:339,30,0,0
BRDA:339,30,1,0
BRDA:359,31,0,0
BRDA:359,31,1,0
BRDA:378,32,0,0
BRDA:378,32,1,0
BRDA:380,33,0,0
BRDA:380,33,1,0
BRDA:380,34,0,0
BRDA:380,34,1,0
BRDA:422,35,0,0
BRDA:422,35,1,0
BRDA:428,36,0,0
BRDA:428,36,1,0
BRDA:437,37,0,0
BRDA:437,37,1,0
BRDA:458,38,0,0
BRDA:458,38,1,0
BRDA:477,39,0,0
BRDA:477,39,1,0
BRDA:486,40,0,0
BRDA:486,40,1,0
BRDA:489,41,0,0
BRDA:489,41,1,0
BRDA:495,42,0,0
BRDA:495,42,1,0
BRDA:496,43,0,0
BRDA:496,43,1,0
BRDA:509,44,0,0
BRDA:509,44,1,0
BRDA:545,45,0,0
BRDA:545,45,1,0
BRDA:545,46,0,0
BRDA:545,46,1,0
BRDA:553,47,0,0
BRDA:553,47,1,0
BRDA:557,48,0,0
BRDA:557,48,1,0
BRDA:560,49,0,0
BRDA:560,49,1,0
BRDA:567,50,0,0
BRDA:567,50,1,0
BRDA:572,51,0,0
BRDA:572,51,1,0
BRDA:583,52,0,0
BRDA:583,52,1,0
BRDA:586,53,0,0
BRDA:586,53,1,0
BRDA:587,54,0,0
BRDA:587,54,1,0
BRDA:591,55,0,0
BRDA:591,55,1,0
BRDA:597,56,0,0
BRDA:597,56,1,0
BRDA:607,57,0,0
BRDA:607,57,1,0
BRDA:610,58,0,0
BRDA:610,58,1,0
BRDA:614,59,0,0
BRDA:614,59,1,0
BRDA:618,60,0,0
BRDA:618,60,1,0
BRDA:620,61,0,0
BRDA:620,61,1,0
BRDA:629,62,0,0
BRDA:629,62,1,0
BRDA:629,63,0,0
BRDA:629,63,1,0
BRDA:638,64,0,0
BRDA:638,64,1,0
BRDA:642,65,0,0
BRDA:642,65,1,0
BRDA:649,66,0,0
BRDA:649,66,1,0
BRDA:654,67,0,0
BRDA:654,67,1,0
BRDA:670,68,0,0
BRDA:670,68,1,0
BRDA:678,69,0,0
BRDA:678,69,1,0
BRDA:678,70,0,0
BRDA:678,70,1,0
BRDA:679,71,0,0
BRDA:679,71,1,0
BRDA:684,72,0,0
BRDA:684,72,1,0
BRDA:698,73,0,0
BRDA:698,73,1,0
BRDA:704,74,0,0
BRDA:704,74,1,0
BRDA:706,75,0,0
BRDA:706,75,1,0
BRDA:708,76,0,0
BRDA:708,76,1,0
BRDA:709,77,0,0
BRDA:709,77,1,0
BRDA:713,78,0,0
BRDA:713,78,1,0
BRDA:720,79,0,0
BRDA:720,79,1,0
BRDA:728,80,0,0
BRDA:728,80,1,0
BRDA:731,81,0,0
BRDA:731,81,1,0
BRDA:739,82,0,0
BRDA:739,82,1,0
BRDA:739,83,0,0
BRDA:739,83,1,0
BRDA:742,84,0,0
BRDA:742,84,1,0
BRDA:750,85,0,0
BRDA:750,85,1,0
BRDA:766,86,0,0
BRDA:766,86,1,0
BRDA:789,87,0,0
BRDA:789,87,1,0
BRDA:808,88,0,0
BRDA:808,88,1,0
BRDA:829,89,0,0
BRDA:829,89,1,0
BRDA:829,90,0,0
BRDA:829,90,1,0
BRDA:861,91,0,0
BRDA:861,91,1,0
BRDA:870,92,0,0
BRDA:870,92,1,0
BRDA:874,93,0,0
BRDA:874,93,1,0
BRDA:881,94,0,0
BRDA:881,94,1,0
BRDA:883,95,0,0
BRDA:883,95,1,0
BRDA:886,96,0,0
BRDA:886,96,1,0
BRDA:889,97,0,0
BRDA:889,97,1,0
BRDA:890,98,0,0
BRDA:890,98,1,0
BRDA:894,99,0,0
BRDA:894,99,1,0
BRDA:900,100,0,0
BRDA:900,100,1,0
BRDA:903,101,0,0
BRDA:903,101,1,0
BRDA:914,102,0,0
BRDA:914,102,1,0
BRDA:920,103,0,0
BRDA:920,103,1,0
BRDA:922,104,0,0
BRDA:922,104,1,0
BRDA:924,105,0,0
BRDA:924,105,1,0
BRDA:925,106,0,0
BRDA:925,106,1,0
BRDA:929,107,0,0
BRDA:929,107,1,0
BRDA:936,108,0,0
BRDA:936,108,1,0
BRDA:944,109,0,0
BRDA:944,109,1,0
BRDA:954,110,0,0
BRDA:954,110,1,0
BRDA:958,111,0,0
BRDA:958,111,1,0
BRDA:961,112,0,0
BRDA:961,112,1,0
BRDA:963,113,0,0
BRDA:963,113,1,0
BRDA:965,114,0,0
BRDA:965,114,1,0
BRDA:972,115,0,0
BRDA:972,115,1,0
BRDA:975,116,0,0
BRDA:975,116,1,0
BRDA:986,117,0,0
BRDA:986,117,1,0
BRDA:992,118,0,0
BRDA:992,118,1,0
BRDA:994,119,0,0
BRDA:994,119,1,0
BRDA:996,120,0,0
BRDA:996,120,1,0
BRDA:1018,121,0,0
BRDA:1018,121,1,0
BRDA:1042,122,0,0
BRDA:1042,122,1,0
BRDA:1052,123,0,0
BRDA:1052,123,1,0
BRDA:1055,124,0,0
BRDA:1055,124,1,0
BRDA:1084,125,0,0
BRDA:1084,125,1,0
BRDA:1087,126,0,0
BRDA:1087,126,1,0
BRDA:1133,127,0,0
BRDA:1133,127,1,0
BRDA:1146,128,0,0
BRDA:1146,128,1,0
BRDA:1172,129,0,0
BRDA:1172,129,1,0
BRDA:1172,130,0,0
BRDA:1172,130,1,0
BRDA:1172,130,2,0
BRDA:1181,131,0,0
BRDA:1181,131,1,0
BRDA:1192,132,0,0
BRDA:1192,132,1,0
BRDA:1192,132,2,0
BRDA:1202,133,0,0
BRDA:1202,133,1,0
BRDA:1208,134,0,0
BRDA:1208,134,1,0
BRDA:1210,135,0,0
BRDA:1210,135,1,0
BRDA:1223,136,0,0
BRDA:1223,136,1,0
BRDA:1223,137,0,0
BRDA:1223,137,1,0
BRDA:1223,137,2,0
BRDA:1231,138,0,0
BRDA:1231,138,1,0
BRDA:1234,139,0,0
BRDA:1234,139,1,0
BRDA:1234,140,0,0
BRDA:1234,140,1,0
BRDA:1234,140,2,0
BRDA:1234,140,3,0
BRF:287
BRH:0
end_of_record
